  main.cpp
c:\users\labuser\math5610\hw6\hw6\main.cpp(1): warning C4067: unexpected tokens following preprocessor directive - expected a newline
c:\users\labuser\math5610\hw6\hw6\vector.h(44): warning C4018: '<': signed/unsigned mismatch
c:\users\labuser\math5610\hw6\hw6\vector.h(55): warning C4018: '<': signed/unsigned mismatch
c:\users\labuser\math5610\hw6\hw6\matrix.h(152): warning C4018: '<': signed/unsigned mismatch
c:\users\labuser\math5610\hw6\hw6\matrix.h(155): error C2146: syntax error: missing ';' before identifier 'newMatrix'
c:\users\labuser\math5610\hw6\hw6\matrix.h(157): warning C4018: '<': signed/unsigned mismatch
c:\users\labuser\math5610\hw6\hw6\matrix.h(179): warning C4018: '<': signed/unsigned mismatch
c:\users\labuser\math5610\hw6\hw6\matrix.h(203): warning C4018: '<': signed/unsigned mismatch
c:\users\labuser\math5610\hw6\hw6\matrix.h(226): warning C4018: '<': signed/unsigned mismatch
c:\users\labuser\math5610\hw6\hw6\matrix.h(227): warning C4018: '<': signed/unsigned mismatch
c:\users\labuser\math5610\hw6\hw6\matrix.h(229): warning C4018: '<': signed/unsigned mismatch
c:\users\labuser\math5610\hw6\hw6\matrix.h(252): warning C4018: '<': signed/unsigned mismatch
c:\users\labuser\math5610\hw6\hw6\matrix.h(254): warning C4018: '<': signed/unsigned mismatch
c:\users\labuser\math5610\hw6\hw6\matrix.h(268): warning C4018: '<': signed/unsigned mismatch
c:\users\labuser\math5610\hw6\hw6\matrix.h(270): warning C4018: '<': signed/unsigned mismatch
c:\users\labuser\math5610\hw6\hw6\matrix.h(293): warning C4018: '<': signed/unsigned mismatch
c:\users\labuser\math5610\hw6\hw6\matrix.h(294): warning C4018: '<': signed/unsigned mismatch
c:\users\labuser\math5610\hw6\hw6\matrix.h(297): warning C4018: '<': signed/unsigned mismatch
c:\users\labuser\math5610\hw6\hw6\matrix.h(319): warning C4018: '<': signed/unsigned mismatch
c:\users\labuser\math5610\hw6\hw6\matrix.h(321): warning C4018: '<': signed/unsigned mismatch
c:\users\labuser\math5610\hw6\hw6\matrix.h(338): warning C4018: '<': signed/unsigned mismatch
c:\users\labuser\math5610\hw6\hw6\matrix.h(341): warning C4018: '<': signed/unsigned mismatch
c:\users\labuser\math5610\hw6\hw6\matrix.h(373): error C3861: 'IsMatrixSymmetric': identifier not found
