  main.cpp
c:\users\labuser\source\repos\math5610\hw6\hw6\main.cpp(6): warning C4067: unexpected tokens following preprocessor directive - expected a newline
c:\users\labuser\source\repos\math5610\hw6\hw6\vector.h(44): warning C4018: '<': signed/unsigned mismatch
c:\users\labuser\source\repos\math5610\hw6\hw6\vector.h(55): warning C4018: '<': signed/unsigned mismatch
c:\users\labuser\source\repos\math5610\hw6\hw6\vector.h(75): warning C4018: '<': signed/unsigned mismatch
c:\users\labuser\source\repos\math5610\hw6\hw6\matrix.h(194): warning C4018: '<': signed/unsigned mismatch
c:\users\labuser\source\repos\math5610\hw6\hw6\matrix.h(206): warning C4018: '<': signed/unsigned mismatch
c:\users\labuser\source\repos\math5610\hw6\hw6\matrix.h(208): warning C4018: '<': signed/unsigned mismatch
c:\users\labuser\source\repos\math5610\hw6\hw6\matrix.h(212): warning C4018: '<': signed/unsigned mismatch
c:\users\labuser\source\repos\math5610\hw6\hw6\matrix.h(274): warning C4018: '<': signed/unsigned mismatch
c:\users\labuser\source\repos\math5610\hw6\hw6\matrix.h(280): warning C4101: 'e': unreferenced local variable
c:\users\labuser\source\repos\math5610\hw6\hw6\matrix.h(298): warning C4018: '<': signed/unsigned mismatch
c:\users\labuser\source\repos\math5610\hw6\hw6\matrix.h(306): warning C4101: 'e': unreferenced local variable
c:\users\labuser\source\repos\math5610\hw6\hw6\matrix.h(321): warning C4018: '<': signed/unsigned mismatch
c:\users\labuser\source\repos\math5610\hw6\hw6\matrix.h(322): warning C4018: '<': signed/unsigned mismatch
c:\users\labuser\source\repos\math5610\hw6\hw6\matrix.h(324): warning C4018: '<': signed/unsigned mismatch
c:\users\labuser\source\repos\math5610\hw6\hw6\matrix.h(331): warning C4101: 'e': unreferenced local variable
c:\users\labuser\source\repos\math5610\hw6\hw6\matrix.h(347): warning C4018: '<': signed/unsigned mismatch
c:\users\labuser\source\repos\math5610\hw6\hw6\matrix.h(349): warning C4018: '<': signed/unsigned mismatch
c:\users\labuser\source\repos\math5610\hw6\hw6\matrix.h(363): warning C4018: '<': signed/unsigned mismatch
c:\users\labuser\source\repos\math5610\hw6\hw6\matrix.h(365): warning C4018: '<': signed/unsigned mismatch
c:\users\labuser\source\repos\math5610\hw6\hw6\matrix.h(372): warning C4101: 'e': unreferenced local variable
c:\users\labuser\source\repos\math5610\hw6\hw6\matrix.h(388): warning C4018: '<': signed/unsigned mismatch
c:\users\labuser\source\repos\math5610\hw6\hw6\matrix.h(389): warning C4018: '<': signed/unsigned mismatch
c:\users\labuser\source\repos\math5610\hw6\hw6\matrix.h(392): warning C4018: '<': signed/unsigned mismatch
c:\users\labuser\source\repos\math5610\hw6\hw6\matrix.h(399): warning C4101: 'e': unreferenced local variable
c:\users\labuser\source\repos\math5610\hw6\hw6\matrix.h(414): warning C4018: '<': signed/unsigned mismatch
c:\users\labuser\source\repos\math5610\hw6\hw6\matrix.h(416): warning C4018: '<': signed/unsigned mismatch
c:\users\labuser\source\repos\math5610\hw6\hw6\matrix.h(433): warning C4018: '<': signed/unsigned mismatch
c:\users\labuser\source\repos\math5610\hw6\hw6\matrix.h(436): warning C4018: '<': signed/unsigned mismatch
c:\users\labuser\source\repos\math5610\hw6\hw6\matrix.h(459): warning C4101: 'e': unreferenced local variable
c:\users\labuser\source\repos\math5610\hw6\hw6\matrix.h(469): warning C4018: '<': signed/unsigned mismatch
c:\users\labuser\source\repos\math5610\hw6\hw6\matrix.h(473): warning C4018: '<': signed/unsigned mismatch
c:\users\labuser\source\repos\math5610\hw6\hw6\matrix.h(474): warning C4018: '<': signed/unsigned mismatch
c:\users\labuser\source\repos\math5610\hw6\hw6\matrix.h(501): warning C4018: '<': signed/unsigned mismatch
c:\users\labuser\source\repos\math5610\hw6\hw6\matrix.h(503): warning C4018: '<': signed/unsigned mismatch
c:\users\labuser\source\repos\math5610\hw6\hw6\matrix.h(508): warning C4018: '<': signed/unsigned mismatch
c:\users\labuser\source\repos\math5610\hw6\hw6\matrix.h(576): warning C4018: '<': signed/unsigned mismatch
c:\users\labuser\source\repos\math5610\hw6\hw6\matrix.h(577): warning C4018: '<': signed/unsigned mismatch
c:\users\labuser\source\repos\math5610\hw6\hw6\matrix.h(580): warning C4018: '<': signed/unsigned mismatch
c:\users\labuser\source\repos\math5610\hw6\hw6\matrix.h(583): warning C4018: '<': signed/unsigned mismatch
c:\users\labuser\source\repos\math5610\hw6\hw6\matrix.h(589): warning C4018: '<': signed/unsigned mismatch
c:\users\labuser\source\repos\math5610\hw6\hw6\matrix.h(591): warning C4018: '<': signed/unsigned mismatch
c:\users\labuser\source\repos\math5610\hw6\hw6\matrix.h(603): warning C4018: '<': signed/unsigned mismatch
c:\users\labuser\source\repos\math5610\hw6\hw6\matrix.h(604): warning C4018: '<': signed/unsigned mismatch
c:\users\labuser\source\repos\math5610\hw6\hw6\matrix.h(609): warning C4018: '<': signed/unsigned mismatch
c:\users\labuser\source\repos\math5610\hw6\hw6\matrix.h(613): warning C4018: '<': signed/unsigned mismatch
c:\users\labuser\source\repos\math5610\hw6\hw6\matrix.h(620): warning C4018: '<': signed/unsigned mismatch
c:\users\labuser\source\repos\math5610\hw6\hw6\matrix.h(622): warning C4018: '<': signed/unsigned mismatch
c:\users\labuser\source\repos\math5610\hw6\hw6\matrix.h(657): warning C4018: '<': signed/unsigned mismatch
c:\users\labuser\source\repos\math5610\hw6\hw6\matrix.h(658): warning C4018: '<': signed/unsigned mismatch
c:\users\labuser\source\repos\math5610\hw6\hw6\matrix.h(660): warning C4018: '<': signed/unsigned mismatch
  HW6.vcxproj -> C:\Users\labuser\Source\Repos\Math5610\HW6\x64\Debug\HW6.exe
  HW6.vcxproj -> C:\Users\labuser\Source\Repos\Math5610\HW6\x64\Debug\HW6.pdb (Partial PDB)
