  Main.cpp
d:\sheri\github\math5610\hw4\backsubstitution\backsubstitution\matrix.h(68): warning C4018: '<': signed/unsigned mismatch
d:\sheri\github\math5610\hw4\backsubstitution\backsubstitution\matrix.h(74): warning C4101: 'e': unreferenced local variable
d:\sheri\github\math5610\hw4\backsubstitution\backsubstitution\matrix.h(92): warning C4018: '<': signed/unsigned mismatch
d:\sheri\github\math5610\hw4\backsubstitution\backsubstitution\matrix.h(100): warning C4101: 'e': unreferenced local variable
d:\sheri\github\math5610\hw4\backsubstitution\backsubstitution\matrix.h(115): warning C4018: '<': signed/unsigned mismatch
d:\sheri\github\math5610\hw4\backsubstitution\backsubstitution\matrix.h(116): warning C4018: '<': signed/unsigned mismatch
d:\sheri\github\math5610\hw4\backsubstitution\backsubstitution\matrix.h(118): warning C4018: '<': signed/unsigned mismatch
d:\sheri\github\math5610\hw4\backsubstitution\backsubstitution\matrix.h(125): warning C4101: 'e': unreferenced local variable
d:\sheri\github\math5610\hw4\backsubstitution\backsubstitution\matrix.h(136): warning C4018: '<': signed/unsigned mismatch
d:\sheri\github\math5610\hw4\backsubstitution\backsubstitution\matrix.h(147): warning C4018: '<': signed/unsigned mismatch
d:\sheri\github\math5610\hw4\backsubstitution\backsubstitution\matrix.h(164): warning C4018: '<': signed/unsigned mismatch
d:\sheri\github\math5610\hw4\backsubstitution\backsubstitution\matrix.h(165): warning C4018: '<': signed/unsigned mismatch
d:\sheri\github\math5610\hw4\backsubstitution\backsubstitution\matrix.h(168): warning C4018: '<': signed/unsigned mismatch
d:\sheri\github\math5610\hw4\backsubstitution\backsubstitution\matrix.h(175): warning C4101: 'e': unreferenced local variable
d:\sheri\github\math5610\hw4\backsubstitution\backsubstitution\matrix.h(190): warning C4018: '<': signed/unsigned mismatch
d:\sheri\github\math5610\hw4\backsubstitution\backsubstitution\matrix.h(192): warning C4018: '<': signed/unsigned mismatch
d:\sheri\github\math5610\hw4\backsubstitution\backsubstitution\matrix.h(203): warning C4018: '<': signed/unsigned mismatch
d:\sheri\github\math5610\hw4\backsubstitution\backsubstitution\matrix.h(206): warning C4018: '<': signed/unsigned mismatch
d:\sheri\github\math5610\hw4\backsubstitution\backsubstitution\matrix.h(319): warning C4101: 'e': unreferenced local variable
d:\sheri\github\math5610\hw4\backsubstitution\backsubstitution\matrix.h(338): warning C4101: 'e': unreferenced local variable
d:\sheri\github\math5610\hw4\backsubstitution\backsubstitution\main.cpp(101): warning C4552: '<=': operator has no effect; expected operator with side-effect
d:\sheri\github\math5610\hw4\backsubstitution\backsubstitution\main.cpp(128): error C2374: 'finalVector': redefinition; multiple initialization
  d:\sheri\github\math5610\hw4\backsubstitution\backsubstitution\main.cpp(67): note: see declaration of 'finalVector'
