  main.cpp
c:\users\labuser\source\repos\math5610\hw10\hw10\main.cpp(1): warning C4067: unexpected tokens following preprocessor directive - expected a newline
c:\users\labuser\source\repos\math5610\hw10\hw10\main.cpp(2): warning C4067: unexpected tokens following preprocessor directive - expected a newline
c:\users\labuser\source\repos\math5610\hw10\hw10\main.cpp(3): warning C4067: unexpected tokens following preprocessor directive - expected a newline
c:\users\labuser\source\repos\math5610\hw7\hw7\matrixoperations.h(18): warning C4018: '<': signed/unsigned mismatch
c:\users\labuser\source\repos\math5610\hw7\hw7\matrixoperations.h(29): warning C4018: '<': signed/unsigned mismatch
c:\users\labuser\source\repos\math5610\hw7\hw7\matrixoperations.h(53): warning C4018: '<': signed/unsigned mismatch
c:\users\labuser\source\repos\math5610\hw7\hw7\matrixoperations.h(146): warning C4018: '<': signed/unsigned mismatch
c:\users\labuser\source\repos\math5610\hw7\hw7\matrixoperations.h(147): warning C4018: '<': signed/unsigned mismatch
c:\users\labuser\source\repos\math5610\hw7\hw7\matrixoperations.h(150): warning C4018: '<': signed/unsigned mismatch
c:\users\labuser\source\repos\math5610\hw7\hw7\matrixoperations.h(293): warning C4018: '<': signed/unsigned mismatch
c:\users\labuser\source\repos\math5610\hw7\hw7\matrixoperations.h(295): warning C4018: '<': signed/unsigned mismatch
c:\users\labuser\source\repos\math5610\hw7\hw7\matrixoperations.h(300): warning C4018: '<': signed/unsigned mismatch
c:\users\labuser\source\repos\math5610\hw7\hw7\matrixoperations.h(303): warning C4018: '<': signed/unsigned mismatch
c:\users\labuser\source\repos\math5610\hw7\hw7\matrixoperations.h(305): warning C4018: '<': signed/unsigned mismatch
c:\users\labuser\source\repos\math5610\hw7\hw7\matrixoperations.h(308): warning C4018: '<': signed/unsigned mismatch
c:\users\labuser\source\repos\math5610\hw10\hw10\main.cpp(4): warning C4067: unexpected tokens following preprocessor directive - expected a newline
c:\users\labuser\source\repos\math5610\hw10\hw10\main.cpp(5): warning C4067: unexpected tokens following preprocessor directive - expected a newline
  HW10.vcxproj -> C:\Users\labuser\Source\Repos\Math5610\HW10\x64\Debug\HW10.exe
  HW10.vcxproj -> C:\Users\labuser\Source\Repos\Math5610\HW10\x64\Debug\HW10.pdb (Partial PDB)
